
**** Build of configuration Release for project buttons_lcd ****

make all 
Building file: ../main.c
Invoking: AVR Compiler
avr-gcc -Wall -Os -fpack-struct -fshort-enums -std=gnu99 -funsigned-char -funsigned-bitfields -mmcu=atmega16 -DF_CPU=8000000UL -MMD -MP -MF"main.d" -MT"main.d" -c -o "main.o" "../main.c"
Finished building: ../main.c
 
Building target: buttons_lcd.elf
Invoking: AVR C Linker
avr-gcc -Wl,-Map,buttons_lcd.map -mmcu=atmega16 -o "buttons_lcd.elf"  ./hd44780.o ./main.o   
Finished building target: buttons_lcd.elf
 
Invoking: AVR Create Extended Listing
avr-objdump -h -S buttons_lcd.elf  >"buttons_lcd.lss"
Finished building: buttons_lcd.lss
 
Create Flash image (ihex format)
avr-objcopy -R .eeprom -O ihex buttons_lcd.elf  "buttons_lcd.hex"
Finished building: buttons_lcd.hex
 
Create eeprom image (ihex format)
avr-objcopy -j .eeprom --no-change-warnings --change-section-lma .eeprom=0 -O ihex buttons_lcd.elf  "buttons_lcd.eep"
Finished building: buttons_lcd.eep
 
Invoking: Print Size
avr-size --format=avr --mcu=atmega16 buttons_lcd.elf
AVR Memory Usage
----------------
Device: atmega16

Program:     526 bytes (3.2% Full)
(.text + .data + .bootloader)

Data:         36 bytes (3.5% Full)
(.data + .bss + .noinit)


Finished building: sizedummy
 

**** Build Finished ****
