
**** Build of configuration Release for project Copy_of_hd ****

make all 
Building file: ../main.c
Invoking: AVR Compiler
avr-gcc -Wall -Os -fpack-struct -fshort-enums -std=gnu99 -funsigned-char -funsigned-bitfields -mmcu=atmega16 -DF_CPU=8000000UL -MMD -MP -MF"main.d" -MT"main.d" -c -o "main.o" "../main.c"
Finished building: ../main.c
 
Building target: Copy_of_hd.elf
Invoking: AVR C Linker
avr-gcc -Wl,-Map,Copy_of_hd.map -mmcu=atmega16 -o "Copy_of_hd.elf"  ./hd44780.o ./main.o   
Finished building target: Copy_of_hd.elf
 
Invoking: AVR Create Extended Listing
avr-objdump -h -S Copy_of_hd.elf  >"Copy_of_hd.lss"
Finished building: Copy_of_hd.lss
 
Create Flash image (ihex format)
avr-objcopy -R .eeprom -O ihex Copy_of_hd.elf  "Copy_of_hd.hex"
Finished building: Copy_of_hd.hex
 
Create eeprom image (ihex format)
avr-objcopy -j .eeprom --no-change-warnings --change-section-lma .eeprom=0 -O ihex Copy_of_hd.elf  "Copy_of_hd.eep"
Finished building: Copy_of_hd.eep
 
Invoking: Print Size
avr-size --format=avr --mcu=atmega16 Copy_of_hd.elf
AVR Memory Usage
----------------
Device: atmega16

Program:     806 bytes (4.9% Full)
(.text + .data + .bootloader)

Data:         88 bytes (8.6% Full)
(.data + .bss + .noinit)


Finished building: sizedummy
 

**** Build Finished ****
