
**** Build of configuration Release for project czujnik3 ****

make all 
Building file: ../main.c
Invoking: AVR Compiler
avr-gcc -Wall -Os -fpack-struct -fshort-enums -std=gnu99 -funsigned-char -funsigned-bitfields -mmcu=atmega16 -DF_CPU=1000000UL -MMD -MP -MF"main.d" -MT"main.d" -c -o "main.o" "../main.c"
../main.c:12:1: warning: "F_CPU" redefined
<command-line>: warning: this is the location of the previous definition
Finished building: ../main.c
 
Building target: czujnik3.elf
Invoking: AVR C Linker
avr-gcc -Wl,-Map,czujnik3.map -mmcu=atmega16 -o "czujnik3.elf"  ./main.o   
Finished building target: czujnik3.elf
 
Invoking: AVR Create Extended Listing
avr-objdump -h -S czujnik3.elf  >"czujnik3.lss"
Finished building: czujnik3.lss
 
Create Flash image (ihex format)
avr-objcopy -R .eeprom -O ihex czujnik3.elf  "czujnik3.hex"
Finished building: czujnik3.hex
 
Create eeprom image (ihex format)
avr-objcopy -j .eeprom --no-change-warnings --change-section-lma .eeprom=0 -O ihex czujnik3.elf  "czujnik3.eep"
Finished building: czujnik3.eep
 
Invoking: Print Size
avr-size --format=avr --mcu=atmega16 czujnik3.elf
AVR Memory Usage
----------------
Device: atmega16

Program:    1778 bytes (10.9% Full)
(.text + .data + .bootloader)

Data:        262 bytes (25.6% Full)
(.data + .bss + .noinit)


Finished building: sizedummy
 

**** Build Finished ****
