
**** Build of configuration Release for project czujnik11 ****

make all 
Building file: ../main.c
Invoking: AVR Compiler
avr-gcc -Wall -Os -fpack-struct -fshort-enums -std=gnu99 -funsigned-char -funsigned-bitfields -mmcu=atmega16 -DF_CPU=1000000UL -MMD -MP -MF"main.d" -MT"main.d" -c -o "main.o" "../main.c"
../main.c: In function 'main':
../main.c:126: warning: function declared 'noreturn' has a 'return' statement
Finished building: ../main.c
 
Building target: czujnik11.elf
Invoking: AVR C Linker
avr-gcc -Wl,-Map,czujnik11.map -mmcu=atmega16 -o "czujnik11.elf"  ./main.o   
Finished building target: czujnik11.elf
 
Invoking: AVR Create Extended Listing
avr-objdump -h -S czujnik11.elf  >"czujnik11.lss"
Finished building: czujnik11.lss
 
Create Flash image (ihex format)
avr-objcopy -R .eeprom -O ihex czujnik11.elf  "czujnik11.hex"
Finished building: czujnik11.hex
 
Create eeprom image (ihex format)
avr-objcopy -j .eeprom --no-change-warnings --change-section-lma .eeprom=0 -O ihex czujnik11.elf  "czujnik11.eep"
Finished building: czujnik11.eep
 
Invoking: Print Size
avr-size --format=avr --mcu=atmega16 czujnik11.elf
AVR Memory Usage
----------------
Device: atmega16

Program:     662 bytes (4.0% Full)
(.text + .data + .bootloader)

Data:         10 bytes (1.0% Full)
(.data + .bss + .noinit)


Finished building: sizedummy
 

**** Build Finished ****
