
**** Build of configuration Release for project czujnik12 ****

make all 
Building file: ../main.c
Invoking: AVR Compiler
avr-gcc -Wall -Os -fpack-struct -fshort-enums -std=gnu99 -funsigned-char -funsigned-bitfields -mmcu=atmega16 -DF_CPU=1000000UL -MMD -MP -MF"main.d" -MT"main.d" -c -o "main.o" "../main.c"
Finished building: ../main.c
 
Building target: czujnik12.elf
Invoking: AVR C Linker
avr-gcc -Wl,-Map,czujnik12.map -mmcu=atmega16 -o "czujnik12.elf"  ./hd44780.o ./main.o   
Finished building target: czujnik12.elf
 
Invoking: AVR Create Extended Listing
avr-objdump -h -S czujnik12.elf  >"czujnik12.lss"
Finished building: czujnik12.lss
 
Create Flash image (ihex format)
avr-objcopy -R .eeprom -O ihex czujnik12.elf  "czujnik12.hex"
Finished building: czujnik12.hex
 
Create eeprom image (ihex format)
avr-objcopy -j .eeprom --no-change-warnings --change-section-lma .eeprom=0 -O ihex czujnik12.elf  "czujnik12.eep"
Finished building: czujnik12.eep
 
Invoking: Print Size
avr-size --format=avr --mcu=atmega16 czujnik12.elf
AVR Memory Usage
----------------
Device: atmega16

Program:     758 bytes (4.6% Full)
(.text + .data + .bootloader)

Data:         45 bytes (4.4% Full)
(.data + .bss + .noinit)


Finished building: sizedummy
 

**** Build Finished ****
