
**** Build of configuration Release for project czujnik10 ****

make all 
Building file: ../main.c
Invoking: AVR Compiler
avr-gcc -Wall -Os -fpack-struct -fshort-enums -std=gnu99 -funsigned-char -funsigned-bitfields -mmcu=atmega16 -DF_CPU=1000000UL -MMD -MP -MF"main.d" -MT"main.d" -c -o "main.o" "../main.c"
Finished building: ../main.c
 
Building target: czujnik10.elf
Invoking: AVR C Linker
avr-gcc -Wl,-Map,czujnik10.map -mmcu=atmega16 -o "czujnik10.elf"  ./main.o   
Finished building target: czujnik10.elf
 
Invoking: AVR Create Extended Listing
avr-objdump -h -S czujnik10.elf  >"czujnik10.lss"
Finished building: czujnik10.lss
 
Create Flash image (ihex format)
avr-objcopy -R .eeprom -O ihex czujnik10.elf  "czujnik10.hex"
Finished building: czujnik10.hex
 
Create eeprom image (ihex format)
avr-objcopy -j .eeprom --no-change-warnings --change-section-lma .eeprom=0 -O ihex czujnik10.elf  "czujnik10.eep"
Finished building: czujnik10.eep
 
Invoking: Print Size
avr-size --format=avr --mcu=atmega16 czujnik10.elf
AVR Memory Usage
----------------
Device: atmega16

Program:     664 bytes (4.1% Full)
(.text + .data + .bootloader)

Data:         10 bytes (1.0% Full)
(.data + .bss + .noinit)


Finished building: sizedummy
 

**** Build Finished ****
