
**** Build of configuration Release for project czujnik6 ****

make all 
Building file: ../main.c
Invoking: AVR Compiler
avr-gcc -Wall -Os -fpack-struct -fshort-enums -std=gnu99 -funsigned-char -funsigned-bitfields -mmcu=atmega16 -DF_CPU=1000000UL -MMD -MP -MF"main.d" -MT"main.d" -c -o "main.o" "../main.c"
Finished building: ../main.c
 
Building target: czujnik6.elf
Invoking: AVR C Linker
avr-gcc -Wl,-Map,czujnik6.map -mmcu=atmega16 -o "czujnik6.elf"  ./main.o   
Finished building target: czujnik6.elf
 
Invoking: AVR Create Extended Listing
avr-objdump -h -S czujnik6.elf  >"czujnik6.lss"
Finished building: czujnik6.lss
 
Create Flash image (ihex format)
avr-objcopy -R .eeprom -O ihex czujnik6.elf  "czujnik6.hex"
Finished building: czujnik6.hex
 
Create eeprom image (ihex format)
avr-objcopy -j .eeprom --no-change-warnings --change-section-lma .eeprom=0 -O ihex czujnik6.elf  "czujnik6.eep"
Finished building: czujnik6.eep
 
Invoking: Print Size
avr-size --format=avr --mcu=atmega16 czujnik6.elf
AVR Memory Usage
----------------
Device: atmega16

Program:     274 bytes (1.7% Full)
(.text + .data + .bootloader)

Data:          5 bytes (0.5% Full)
(.data + .bss + .noinit)


Finished building: sizedummy
 

**** Build Finished ****
