
**** Build of configuration Release for project czujnik5 ****

make all 
Building file: ../main.c
Invoking: AVR Compiler
avr-gcc -Wall -Os -fpack-struct -fshort-enums -std=gnu99 -funsigned-char -funsigned-bitfields -mmcu=atmega16 -DF_CPU=1000000UL -MMD -MP -MF"main.d" -MT"main.d" -c -o "main.o" "../main.c"
Finished building: ../main.c
 
Building target: czujnik5.elf
Invoking: AVR C Linker
avr-gcc -Wl,-Map,czujnik5.map -mmcu=atmega16 -o "czujnik5.elf"  ./hd44780.o ./lcd44780.o ./main.o   
Finished building target: czujnik5.elf
 
Invoking: AVR Create Extended Listing
avr-objdump -h -S czujnik5.elf  >"czujnik5.lss"
Finished building: czujnik5.lss
 
Create Flash image (ihex format)
avr-objcopy -R .eeprom -O ihex czujnik5.elf  "czujnik5.hex"
Finished building: czujnik5.hex
 
Create eeprom image (ihex format)
avr-objcopy -j .eeprom --no-change-warnings --change-section-lma .eeprom=0 -O ihex czujnik5.elf  "czujnik5.eep"
Finished building: czujnik5.eep
 
Invoking: Print Size
avr-size --format=avr --mcu=atmega16 czujnik5.elf
AVR Memory Usage
----------------
Device: atmega16

Program:     676 bytes (4.1% Full)
(.text + .data + .bootloader)

Data:          5 bytes (0.5% Full)
(.data + .bss + .noinit)


Finished building: sizedummy
 

**** Build Finished ****
