
**** Build of configuration Release for project dalmierz ****

make all 
Building file: ../main.c
Invoking: AVR Compiler
avr-gcc -Wall -Os -fpack-struct -fshort-enums -std=gnu99 -funsigned-char -funsigned-bitfields -mmcu=atmega16 -DF_CPU=1000000UL -MMD -MP -MF"main.d" -MT"main.d" -c -o "main.o" "../main.c"
../main.c: In function 'out':
../main.c:48: warning: pointer targets in passing argument 1 of 'LCD_WriteText' differ in signedness
../main.c: In function 'main':
../main.c:89: warning: initialization from incompatible pointer type
../main.c:113: warning: format '%i' expects type 'int', but argument 2 has type 'long unsigned int'
Finished building: ../main.c
 
Building target: dalmierz.elf
Invoking: AVR C Linker
avr-gcc -Wl,-Map,dalmierz.map -mmcu=atmega16 -o "dalmierz.elf"  ./HD44780.o ./main.o   
Finished building target: dalmierz.elf
 
Invoking: AVR Create Extended Listing
avr-objdump -h -S dalmierz.elf  >"dalmierz.lss"
Finished building: dalmierz.lss
 
Create Flash image (ihex format)
avr-objcopy -R .eeprom -O ihex dalmierz.elf  "dalmierz.hex"
Finished building: dalmierz.hex
 
Create eeprom image (ihex format)
avr-objcopy -j .eeprom --no-change-warnings --change-section-lma .eeprom=0 -O ihex dalmierz.elf  "dalmierz.eep"
Finished building: dalmierz.eep
 
Invoking: Print Size
avr-size --format=avr --mcu=atmega16 dalmierz.elf
AVR Memory Usage
----------------
Device: atmega16

Program:    2342 bytes (14.3% Full)
(.text + .data + .bootloader)

Data:         34 bytes (3.3% Full)
(.data + .bss + .noinit)


Finished building: sizedummy
 

**** Build Finished ****
