
**** Build of configuration Release for project dalmierz3 ****

make all 
Building target: dalmierz3.elf
Invoking: AVR C Linker
avr-gcc -Wl,-Map,dalmierz3.map -mmcu=atmega16 -o "dalmierz3.elf"  ./hd44780/HD44780.o  ./main.o   
Finished building target: dalmierz3.elf
 
Invoking: AVR Create Extended Listing
avr-objdump -h -S dalmierz3.elf  >"dalmierz3.lss"
Finished building: dalmierz3.lss
 
Create Flash image (ihex format)
avr-objcopy -R .eeprom -O ihex dalmierz3.elf  "dalmierz3.hex"
Finished building: dalmierz3.hex
 
Create eeprom image (ihex format)
avr-objcopy -j .eeprom --no-change-warnings --change-section-lma .eeprom=0 -O ihex dalmierz3.elf  "dalmierz3.eep"
Finished building: dalmierz3.eep
 
Invoking: Print Size
avr-size --format=avr --mcu=atmega16 dalmierz3.elf
AVR Memory Usage
----------------
Device: atmega16

Program:    2342 bytes (14.3% Full)
(.text + .data + .bootloader)

Data:         34 bytes (3.3% Full)
(.data + .bss + .noinit)


Finished building: sizedummy
 

**** Build Finished ****
