
**** Build of configuration Release for project dalmierz2 ****

make all 
Building file: ../HD44780.c
Invoking: AVR Compiler
avr-gcc -Wall -Os -fpack-struct -fshort-enums -std=gnu99 -funsigned-char -funsigned-bitfields -mmcu=atmega16 -DF_CPU=1000000UL -MMD -MP -MF"HD44780.d" -MT"HD44780.d" -c -o "HD44780.o" "../HD44780.c"
Finished building: ../HD44780.c
 
Building file: ../main.c
Invoking: AVR Compiler
avr-gcc -Wall -Os -fpack-struct -fshort-enums -std=gnu99 -funsigned-char -funsigned-bitfields -mmcu=atmega16 -DF_CPU=1000000UL -MMD -MP -MF"main.d" -MT"main.d" -c -o "main.o" "../main.c"
../main.c: In function 'out':
../main.c:40: warning: pointer targets in passing argument 1 of 'LCD_WriteText' differ in signedness
../main.c: In function 'main':
../main.c:81: warning: initialization from incompatible pointer type
../main.c:105: warning: format '%i' expects type 'int', but argument 2 has type 'long unsigned int'
Finished building: ../main.c
 
Building target: dalmierz2.elf
Invoking: AVR C Linker
avr-gcc -Wl,-Map,dalmierz2.map -mmcu=atmega16 -o "dalmierz2.elf"  ./HD44780.o ./main.o   
Finished building target: dalmierz2.elf
 
Invoking: AVR Create Extended Listing
avr-objdump -h -S dalmierz2.elf  >"dalmierz2.lss"
Finished building: dalmierz2.lss
 
Create Flash image (ihex format)
avr-objcopy -R .eeprom -O ihex dalmierz2.elf  "dalmierz2.hex"
Finished building: dalmierz2.hex
 
Create eeprom image (ihex format)
avr-objcopy -j .eeprom --no-change-warnings --change-section-lma .eeprom=0 -O ihex dalmierz2.elf  "dalmierz2.eep"
Finished building: dalmierz2.eep
 
Invoking: Print Size
avr-size --format=avr --mcu=atmega16 dalmierz2.elf
AVR Memory Usage
----------------
Device: atmega16

Program:    2342 bytes (14.3% Full)
(.text + .data + .bootloader)

Data:         34 bytes (3.3% Full)
(.data + .bss + .noinit)


Finished building: sizedummy
 

**** Build Finished ****
