
**** Build of configuration Release for project Test_AVR ****

make all 
Building file: ../main.c
Invoking: AVR Compiler
avr-gcc -Wall -Os -fpack-struct -fshort-enums -std=gnu99 -funsigned-char -funsigned-bitfields -mmcu=atmega32 -DF_CPU=1000000UL -MMD -MP -MF"main.d" -MT"main.d" -c -o "main.o" "../main.c"
Finished building: ../main.c
 
Building target: Test_AVR.elf
Invoking: AVR C Linker
avr-gcc -Wl,-Map,Test_AVR.map -mmcu=atmega32 -o "Test_AVR.elf"  ./main.o   
Finished building target: Test_AVR.elf
 
Invoking: AVR Create Extended Listing
avr-objdump -h -S Test_AVR.elf  >"Test_AVR.lss"
Finished building: Test_AVR.lss
 
Create Flash image (ihex format)
avr-objcopy -R .eeprom -O ihex Test_AVR.elf  "Test_AVR.hex"
Finished building: Test_AVR.hex
 
Create eeprom image (ihex format)
avr-objcopy -j .eeprom --no-change-warnings --change-section-lma .eeprom=0 -O ihex Test_AVR.elf  "Test_AVR.eep"
Finished building: Test_AVR.eep
 
Invoking: Print Size
avr-size --format=avr --mcu=atmega32 Test_AVR.elf
AVR Memory Usage
----------------
Device: atmega32

Program:     156 bytes (0.5% Full)
(.text + .data + .bootloader)

Data:          0 bytes (0.0% Full)
(.data + .bss + .noinit)


Finished building: sizedummy
 

**** Build Finished ****
