
**** Build of configuration Release for project lcd ****

make all 
Building target: lcd.elf
Invoking: AVR C Linker
avr-gcc -Wl,-Map,lcd.map -mmcu=atmega16 -o "lcd.elf"  ./hd44780.o ./main.o   
Finished building target: lcd.elf
 
Invoking: AVR Create Extended Listing
avr-objdump -h -S lcd.elf  >"lcd.lss"
Finished building: lcd.lss
 
Create Flash image (ihex format)
avr-objcopy -R .eeprom -O ihex lcd.elf  "lcd.hex"
Finished building: lcd.hex
 
Create eeprom image (ihex format)
avr-objcopy -j .eeprom --no-change-warnings --change-section-lma .eeprom=0 -O ihex lcd.elf  "lcd.eep"
Finished building: lcd.eep
 
Invoking: Print Size
avr-size --format=avr --mcu=atmega16 lcd.elf
AVR Memory Usage
----------------
Device: atmega16

Program:     472 bytes (2.9% Full)
(.text + .data + .bootloader)

Data:          6 bytes (0.6% Full)
(.data + .bss + .noinit)


Finished building: sizedummy
 

**** Build Finished ****
