
**** Build of configuration Release for project porty_we_wy2 ****

make all 
Building file: ../main.c
Invoking: AVR Compiler
avr-gcc -Wall -Os -fpack-struct -fshort-enums -std=gnu99 -funsigned-char -funsigned-bitfields -mmcu=atmega16 -DF_CPU=1000000UL -MMD -MP -MF"main.d" -MT"main.d" -c -o "main.o" "../main.c"
../main.c:14:1: warning: "F_CPU" redefined
<command-line>: warning: this is the location of the previous definition
Finished building: ../main.c
 
Building target: porty_we_wy2.elf
Invoking: AVR C Linker
avr-gcc -Wl,-Map,porty_we_wy2.map -mmcu=atmega16 -o "porty_we_wy2.elf"  ./main.o   
Finished building target: porty_we_wy2.elf
 
Invoking: AVR Create Extended Listing
avr-objdump -h -S porty_we_wy2.elf  >"porty_we_wy2.lss"
Finished building: porty_we_wy2.lss
 
Create Flash image (ihex format)
avr-objcopy -R .eeprom -O ihex porty_we_wy2.elf  "porty_we_wy2.hex"
Finished building: porty_we_wy2.hex
 
Create eeprom image (ihex format)
avr-objcopy -j .eeprom --no-change-warnings --change-section-lma .eeprom=0 -O ihex porty_we_wy2.elf  "porty_we_wy2.eep"
Finished building: porty_we_wy2.eep
 
Invoking: Print Size
avr-size --format=avr --mcu=atmega16 porty_we_wy2.elf
AVR Memory Usage
----------------
Device: atmega16

Program:     164 bytes (1.0% Full)
(.text + .data + .bootloader)

Data:          0 bytes (0.0% Full)
(.data + .bss + .noinit)


Finished building: sizedummy
 

**** Build Finished ****
