
**** Build of configuration Release for project Stoper ****

make all 
Building file: ../main.c
Invoking: AVR Compiler
avr-gcc -Wall -Os -fpack-struct -fshort-enums -std=gnu99 -funsigned-char -funsigned-bitfields -mmcu=atmega16 -DF_CPU=8000000UL -MMD -MP -MF"main.d" -MT"main.d" -c -o "main.o" "../main.c"
Finished building: ../main.c
 
Building target: Stoper.elf
Invoking: AVR C Linker
avr-gcc -Wl,-Map,Stoper.map -mmcu=atmega16 -o "Stoper.elf"  ./font.o ./main.o   
Finished building target: Stoper.elf
 
Invoking: AVR Create Extended Listing
avr-objdump -h -S Stoper.elf  >"Stoper.lss"
Finished building: Stoper.lss
 
Create Flash image (ihex format)
avr-objcopy -R .eeprom -O ihex Stoper.elf  "Stoper.hex"
Finished building: Stoper.hex
 
Create eeprom image (ihex format)
avr-objcopy -j .eeprom --no-change-warnings --change-section-lma .eeprom=0 -O ihex Stoper.elf  "Stoper.eep"
Finished building: Stoper.eep
 
Invoking: Print Size
avr-size --format=avr --mcu=atmega16 Stoper.elf
AVR Memory Usage
----------------
Device: atmega16

Program:     290 bytes (1.8% Full)
(.text + .data + .bootloader)

Data:         10 bytes (1.0% Full)
(.data + .bss + .noinit)


Finished building: sizedummy
 

**** Build Finished ****
