
**** Build of configuration Release for project term ****

make all 
Building file: ../main.c
Invoking: AVR Compiler
avr-gcc -Wall -Os -fpack-struct -fshort-enums -std=gnu99 -funsigned-char -funsigned-bitfields -mmcu=atmega16 -DF_CPU=1000000UL -MMD -MP -MF"main.d" -MT"main.d" -c -o "main.o" "../main.c"
../main.c:8: warning: return type of 'main' is not 'int'
Finished building: ../main.c
 
Building target: term.elf
Invoking: AVR C Linker
avr-gcc -Wl,-Map,term.map -mmcu=atmega16 -o "term.elf"  ./main.o   
Finished building target: term.elf
 
Invoking: AVR Create Extended Listing
avr-objdump -h -S term.elf  >"term.lss"
Finished building: term.lss
 
Create Flash image (ihex format)
avr-objcopy -R .eeprom -O ihex term.elf  "term.hex"
Finished building: term.hex
 
Create eeprom image (ihex format)
avr-objcopy -j .eeprom --no-change-warnings --change-section-lma .eeprom=0 -O ihex term.elf  "term.eep"
Finished building: term.eep
 
Invoking: Print Size
avr-size --format=avr --mcu=atmega16 term.elf
AVR Memory Usage
----------------
Device: atmega16

Program:     220 bytes (1.3% Full)
(.text + .data + .bootloader)

Data:          0 bytes (0.0% Full)
(.data + .bss + .noinit)


Finished building: sizedummy
 

**** Build Finished ****
